0 info it worked if it ends with ok
1 verbose cli [ '/usr/local/bin/node', '/usr/local/bin/npm', 'publish' ]
2 info using npm@1.1.65
3 info using node@v0.8.14
4 verbose publish [ '.' ]
5 verbose read json /home/jose/etherpad-lite/node_modules/ep_search/package.json
6 verbose cache add [ '.', null ]
7 silly cache add name=undefined spec="." args=[".",null]
8 verbose parsed url { pathname: '.', path: '.', href: '.' }
9 silly lockFile 3a52ce78- .
10 verbose lock . /root/.npm/3a52ce78-.lock
11 verbose read json package.json
12 verbose tar pack [ '/root/tmp/npm-3813/1361382168280-0.73755609896034/tmp.tgz',
12 verbose tar pack   '.' ]
13 verbose tarball /root/tmp/npm-3813/1361382168280-0.73755609896034/tmp.tgz
14 verbose folder .
15 info prepublish ep_search@0.0.1
16 silly lockFile e3ab3336-2168280-0-73755609896034-tmp-tgz /root/tmp/npm-3813/1361382168280-0.73755609896034/tmp.tgz
17 verbose lock /root/tmp/npm-3813/1361382168280-0.73755609896034/tmp.tgz /root/.npm/e3ab3336-2168280-0-73755609896034-tmp-tgz.lock
18 silly lockFile e3ab3336-2168280-0-73755609896034-tmp-tgz /root/tmp/npm-3813/1361382168280-0.73755609896034/tmp.tgz
19 verbose tar unpack /root/tmp/npm-3813/1361382168280-0.73755609896034/tmp.tgz
20 silly lockFile 8b88e6d7-2168280-0-73755609896034-package /root/tmp/npm-3813/1361382168280-0.73755609896034/package
21 verbose lock /root/tmp/npm-3813/1361382168280-0.73755609896034/package /root/.npm/8b88e6d7-2168280-0-73755609896034-package.lock
22 silly gunzTarPerm modes [ '755', '644' ]
23 silly gunzTarPerm extractEntry package.json
24 silly gunzTarPerm extractEntry .npmignore
25 silly gunzTarPerm extractEntry README.md
26 silly gunzTarPerm extractEntry client.js
27 silly gunzTarPerm extractEntry index.js
28 silly gunzTarPerm extractEntry ep.json
29 silly gunzTarPerm extractEntry templates/search.html
30 verbose read json /root/tmp/npm-3813/1361382168280-0.73755609896034/package/package.json
31 silly lockFile 8b88e6d7-2168280-0-73755609896034-package /root/tmp/npm-3813/1361382168280-0.73755609896034/package
32 verbose from cache /root/tmp/npm-3813/1361382168280-0.73755609896034/package/package.json
33 verbose tar pack [ '/root/.npm/ep_search/0.0.1/package.tgz',
33 verbose tar pack   '/root/tmp/npm-3813/1361382168280-0.73755609896034/package' ]
34 verbose tarball /root/.npm/ep_search/0.0.1/package.tgz
35 verbose folder /root/tmp/npm-3813/1361382168280-0.73755609896034/package
36 silly lockFile ce043ce7--npm-ep-search-0-0-1-package-tgz /root/.npm/ep_search/0.0.1/package.tgz
37 verbose lock /root/.npm/ep_search/0.0.1/package.tgz /root/.npm/ce043ce7--npm-ep-search-0-0-1-package-tgz.lock
38 silly lockFile ce043ce7--npm-ep-search-0-0-1-package-tgz /root/.npm/ep_search/0.0.1/package.tgz
39 silly lockFile 901b49b8-root-npm-ep-search-0-0-1-package /root/.npm/ep_search/0.0.1/package
40 verbose lock /root/.npm/ep_search/0.0.1/package /root/.npm/901b49b8-root-npm-ep-search-0-0-1-package.lock
41 silly lockFile 901b49b8-root-npm-ep-search-0-0-1-package /root/.npm/ep_search/0.0.1/package
42 verbose tar unpack /root/.npm/ep_search/0.0.1/package.tgz
43 silly lockFile 901b49b8-root-npm-ep-search-0-0-1-package /root/.npm/ep_search/0.0.1/package
44 verbose lock /root/.npm/ep_search/0.0.1/package /root/.npm/901b49b8-root-npm-ep-search-0-0-1-package.lock
45 silly gunzTarPerm modes [ '755', '644' ]
46 silly gunzTarPerm extractEntry package.json
47 silly gunzTarPerm extractEntry .npmignore
48 silly gunzTarPerm extractEntry README.md
49 silly gunzTarPerm extractEntry client.js
50 silly gunzTarPerm extractEntry index.js
51 silly gunzTarPerm extractEntry ep.json
52 silly gunzTarPerm extractEntry templates/search.html
53 verbose read json /root/.npm/ep_search/0.0.1/package/package.json
54 silly lockFile 901b49b8-root-npm-ep-search-0-0-1-package /root/.npm/ep_search/0.0.1/package
55 silly shasum updated bytes 1669
56 info shasum 258b116387cfed87b3af3b8ef84d0ee969a52dc3
56 info shasum /root/.npm/ep_search/0.0.1/package.tgz
57 verbose from cache /root/.npm/ep_search/0.0.1/package/package.json
58 verbose chmod /root/.npm/ep_search/0.0.1/package.tgz 644
59 verbose chown /root/.npm/ep_search/0.0.1/package.tgz [ 0, 0 ]
60 silly lockFile 3a52ce78- .
61 silly publish { name: 'ep_search',
61 silly publish   description: 'Search through all pads for a string',
61 silly publish   version: '0.0.1',
61 silly publish   author:
61 silly publish    { name: 'John McLear',
61 silly publish      email: 'john@mclear.co.uk',
61 silly publish      url: 'http://mclear.co.uk' },
61 silly publish   contributors: [],
61 silly publish   dependencies:
61 silly publish    { emailjs: '>= 0.2.7',
61 silly publish      buffertools: '>= 1.0.8',
61 silly publish      validator: '>= 0.4.21' },
61 silly publish   engines: { node: '>= 0.4.1' },
61 silly publish   readme: '# Description\nA very crude search function\n\nDO NOT USE THIS IN PRODUCTION\n\n\n# TODO\n* Add functionality\n\n',
61 silly publish   readmeFilename: 'README.md',
61 silly publish   _id: 'ep_search@0.0.1',
61 silly publish   dist: { shasum: '258b116387cfed87b3af3b8ef84d0ee969a52dc3' } }
62 error need auth auth and email required for publishing
62 error need auth You need to authorize this machine using `npm adduser`
63 error System Linux 2.6.32-5-686
64 error command "/usr/local/bin/node" "/usr/local/bin/npm" "publish"
65 error cwd /home/jose/etherpad-lite/node_modules/ep_search
66 error node -v v0.8.14
67 error npm -v 1.1.65
68 error code ENEEDAUTH
69 verbose exit [ 1, true ]
